Using pre-set license
Built from '2020.3/staging' branch; Version is '2020.3.11f1 (99c7afb366b3) revision 10078127'; Using compiler version '192528614'; Build Type 'Release'
OS: 'Windows 10 Home; OS build 22504.1010; Version 2009; 64bit' Language: 'es' Physical Memory: 32684 MB
BatchMode: 1, IsHumanControllingUs: 0, StartBugReporterOnCrash: 0, Is64bit: 1, IsPro: 0

 COMMAND LINE ARGUMENTS:
D:\Unity\2020.3.11f1\Editor\Unity.exe
-adb2
-batchMode
-noUpm
-name
AssetImportWorker1
-projectPath
D:/Facultad/Semestre 2/Taller de Dise単o 1 - Prototimos de juegos/Miercoles/Engcargo Grupales/Juego Unity
-logFile
Logs/AssetImportWorker1.log
-srvPort
50897
Successfully changed project path to: D:/Facultad/Semestre 2/Taller de Dise単o 1 - Prototimos de juegos/Miercoles/Engcargo Grupales/Juego Unity
D:/Facultad/Semestre 2/Taller de Dise単o 1 - Prototimos de juegos/Miercoles/Engcargo Grupales/Juego Unity
Using Asset Import Pipeline V2.
Refreshing native plugins compatible for Editor in 44.26 ms, found 3 plugins.
Preloading 0 native plugins for Editor in 0.00 ms.
Initialize engine version: 2020.3.11f1 (99c7afb366b3)
[Subsystems] Discovering subsystems at path D:/Unity/2020.3.11f1/Editor/Data/Resources/UnitySubsystems
[Subsystems] Discovering subsystems at path D:/Facultad/Semestre 2/Taller de Dise単o 1 - Prototimos de juegos/Miercoles/Engcargo Grupales/Juego Unity/Assets
GfxDevice: creating device client; threaded=0
Direct3D:
    Version:  Direct3D 11.0 [level 11.1]
    Renderer: NVIDIA GeForce GTX 1070 Ti (ID=0x1b82)
    Vendor:   
    VRAM:     8079 MB
    Driver:   30.0.14.9676
Initialize mono
Mono path[0] = 'D:/Unity/2020.3.11f1/Editor/Data/Managed'
Mono path[1] = 'D:/Unity/2020.3.11f1/Editor/Data/MonoBleedingEdge/lib/mono/unityjit'
Mono config path = 'D:/Unity/2020.3.11f1/Editor/Data/MonoBleedingEdge/etc'
Using monoOptions --debugger-agent=transport=dt_socket,embedding=1,server=y,suspend=n,address=127.0.0.1:56172
Begin MonoManager ReloadAssembly
Registering precompiled unity dll's ...
Register platform support module: D:/Unity/2020.3.11f1/Editor/Data/PlaybackEngines/WebGLSupport/UnityEditor.WebGL.Extensions.dll
Register platform support module: D:/Unity/2020.3.11f1/Editor/Data/PlaybackEngines/WindowsStandaloneSupport/UnityEditor.WindowsStandalone.Extensions.dll
Registered in 0.001050 seconds.
Native extension for WindowsStandalone target not found
Native extension for WebGL target not found
Refreshing native plugins compatible for Editor in 42.58 ms, found 3 plugins.
Preloading 0 native plugins for Editor in 0.00 ms.
Mono: successfully reloaded assembly
- Completed reload, in  2.031 seconds
Platform modules already initialized, skipping
Registering precompiled user dll's ...
Registered in 0.004454 seconds.
Begin MonoManager ReloadAssembly
Native extension for WindowsStandalone target not found
Native extension for WebGL target not found
Refreshing native plugins compatible for Editor in 42.97 ms, found 3 plugins.
Preloading 0 native plugins for Editor in 0.00 ms.
Mono: successfully reloaded assembly
- Completed reload, in  4.677 seconds
Platform modules already initialized, skipping
========================================================================
Worker process is ready to serve import requests
Launched and connected shader compiler UnityShaderCompiler.exe after 0.09 seconds
Refreshing native plugins compatible for Editor in 0.50 ms, found 3 plugins.
Preloading 0 native plugins for Editor in 0.00 ms.
Unloading 2669 Unused Serialized files (Serialized files now loaded: 0)
System memory in use before: 118.7 MB.
System memory in use after: 118.7 MB.

Unloading 34 unused Assets to reduce memory usage. Loaded Objects now: 3106.
Total: 2.344000 ms (FindLiveObjects: 0.229900 ms CreateObjectMapping: 0.119600 ms MarkObjects: 1.856400 ms  DeleteObjects: 0.136900 ms)

========================================================================
Received Import Request.
  path: Assets/Scenes/Jefe Final.unity
  artifactKey: Guid(57b5c100c9d1f7c45ba463c0234ea500) Importer(815301076,1909f56bfc062723c751e8b465ee728b)
Start importing Assets/Scenes/Jefe Final.unity using Guid(57b5c100c9d1f7c45ba463c0234ea500) Importer(815301076,1909f56bfc062723c751e8b465ee728b)  -> (artifact id: '266c799cf2b1e2087fdae91b7826cf29') in 0.021472 seconds
  Import took 0.025560 seconds .

========================================================================
Received Import Request.
  Time since last request: 3.059885 seconds.
  path: Assets/Scenes/Tutorial.unity
  artifactKey: Guid(b94e70c791b319b47b687aae0298e88d) Importer(815301076,1909f56bfc062723c751e8b465ee728b)
Start importing Assets/Scenes/Tutorial.unity using Guid(b94e70c791b319b47b687aae0298e88d) Importer(815301076,1909f56bfc062723c751e8b465ee728b)  -> (artifact id: 'fc901d042c6a29cf977fa2774d5d6be4') in 0.010040 seconds
  Import took 0.013489 seconds .

========================================================================
Received Import Request.
  Time since last request: 9.947966 seconds.
  path: Assets/Sprites/game_over.psd
  artifactKey: Guid(4cebdbc7e92f05a45880583f6871b9c6) Importer(815301076,1909f56bfc062723c751e8b465ee728b)
Start importing Assets/Sprites/game_over.psd using Guid(4cebdbc7e92f05a45880583f6871b9c6) Importer(815301076,1909f56bfc062723c751e8b465ee728b)  -> (artifact id: '9228a5a47b672c5bf2ffb99486e689f0') in 0.476798 seconds
  Import took 0.480215 seconds .

========================================================================
Received Prepare
Registering precompiled user dll's ...
Registered in 0.004114 seconds.
Begin MonoManager ReloadAssembly
Native extension for WindowsStandalone target not found
Native extension for WebGL target not found
Refreshing native plugins compatible for Editor in 0.50 ms, found 3 plugins.
Preloading 0 native plugins for Editor in 0.00 ms.
Mono: successfully reloaded assembly
- Completed reload, in  0.918 seconds
Platform modules already initialized, skipping
Refreshing native plugins compatible for Editor in 0.50 ms, found 3 plugins.
Preloading 0 native plugins for Editor in 0.00 ms.
Unloading 2624 Unused Serialized files (Serialized files now loaded: 0)
System memory in use before: 117.7 MB.
System memory in use after: 117.8 MB.

Unloading 23 unused Assets to reduce memory usage. Loaded Objects now: 3114.
Total: 3.088100 ms (FindLiveObjects: 0.244900 ms CreateObjectMapping: 0.087100 ms MarkObjects: 2.595100 ms  DeleteObjects: 0.160100 ms)

AssetImportWorkerClient::OnTransportError - code=2 error=End of file
