Using pre-set license
Built from '2020.3/staging' branch; Version is '2020.3.11f1 (99c7afb366b3) revision 10078127'; Using compiler version '192528614'; Build Type 'Release'
OS: 'Windows 10 Home Single Language; OS build 19043.1348; Version 2009; 64bit' Language: 'es' Physical Memory: 12130 MB
BatchMode: 1, IsHumanControllingUs: 0, StartBugReporterOnCrash: 0, Is64bit: 1, IsPro: 0

 COMMAND LINE ARGUMENTS:
D:\Program Files\Unity Engine\2020.3.11f1\Editor\Unity.exe
-adb2
-batchMode
-noUpm
-name
AssetImportWorker9
-projectPath
D:/Descargas/U/Taller Dise単o 1 - Lathrop, Romina/Jueguito UNITY/Juego-Unity
-logFile
Logs/AssetImportWorker9.log
-srvPort
52039
Successfully changed project path to: D:/Descargas/U/Taller Dise単o 1 - Lathrop, Romina/Jueguito UNITY/Juego-Unity
D:/Descargas/U/Taller Dise単o 1 - Lathrop, Romina/Jueguito UNITY/Juego-Unity
Using Asset Import Pipeline V2.
Refreshing native plugins compatible for Editor in 134.22 ms, found 3 plugins.
Preloading 0 native plugins for Editor in 0.00 ms.
Initialize engine version: 2020.3.11f1 (99c7afb366b3)
[Subsystems] Discovering subsystems at path D:/Program Files/Unity Engine/2020.3.11f1/Editor/Data/Resources/UnitySubsystems
[Subsystems] Discovering subsystems at path D:/Descargas/U/Taller Dise単o 1 - Lathrop, Romina/Jueguito UNITY/Juego-Unity/Assets
GfxDevice: creating device client; threaded=0
Direct3D:
    Version:  Direct3D 11.0 [level 11.1]
    Renderer: NVIDIA GeForce GTX 1050 (ID=0x1c8d)
    Vendor:   
    VRAM:     4019 MB
    Driver:   30.0.14.9676
Initialize mono
Mono path[0] = 'D:/Program Files/Unity Engine/2020.3.11f1/Editor/Data/Managed'
Mono path[1] = 'D:/Program Files/Unity Engine/2020.3.11f1/Editor/Data/MonoBleedingEdge/lib/mono/unityjit'
Mono config path = 'D:/Program Files/Unity Engine/2020.3.11f1/Editor/Data/MonoBleedingEdge/etc'
Using monoOptions --debugger-agent=transport=dt_socket,embedding=1,server=y,suspend=n,address=127.0.0.1:56328
Begin MonoManager ReloadAssembly
Registering precompiled unity dll's ...
Register platform support module: D:/Program Files/Unity Engine/2020.3.11f1/Editor/Data/PlaybackEngines/WebGLSupport/UnityEditor.WebGL.Extensions.dll
Register platform support module: D:/Program Files/Unity Engine/2020.3.11f1/Editor/Data/PlaybackEngines/WindowsStandaloneSupport/UnityEditor.WindowsStandalone.Extensions.dll
Registered in 0.013219 seconds.
Native extension for WindowsStandalone target not found
Native extension for WebGL target not found
Refreshing native plugins compatible for Editor in 90.86 ms, found 3 plugins.
Preloading 0 native plugins for Editor in 0.00 ms.
Mono: successfully reloaded assembly
- Completed reload, in  6.044 seconds
Platform modules already initialized, skipping
Registering precompiled user dll's ...
Registered in 0.030430 seconds.
Begin MonoManager ReloadAssembly
Native extension for WindowsStandalone target not found
Native extension for WebGL target not found
Refreshing native plugins compatible for Editor in 94.32 ms, found 3 plugins.
Preloading 0 native plugins for Editor in 0.00 ms.
Mono: successfully reloaded assembly
- Completed reload, in  3.484 seconds
Platform modules already initialized, skipping
========================================================================
Worker process is ready to serve import requests
Launched and connected shader compiler UnityShaderCompiler.exe after 0.39 seconds
Refreshing native plugins compatible for Editor in 0.82 ms, found 3 plugins.
Preloading 0 native plugins for Editor in 0.00 ms.
Unloading 2663 Unused Serialized files (Serialized files now loaded: 0)
System memory in use before: 118.6 MB.
System memory in use after: 118.7 MB.

Unloading 30 unused Assets to reduce memory usage. Loaded Objects now: 3106.
Total: 4.932900 ms (FindLiveObjects: 0.470500 ms CreateObjectMapping: 0.209100 ms MarkObjects: 4.125000 ms  DeleteObjects: 0.126800 ms)

========================================================================
Received Import Request.
  path: Assets/Sprites/Nivel 2/Plataforma_2.psd
  artifactKey: Guid(ad251efbc1fa35044a16306bbb1fc16f) Importer(815301076,1909f56bfc062723c751e8b465ee728b)
Start importing Assets/Sprites/Nivel 2/Plataforma_2.psd using Guid(ad251efbc1fa35044a16306bbb1fc16f) Importer(815301076,1909f56bfc062723c751e8b465ee728b)  -> (artifact id: '7ce0eb4e4c95152b9b8a54dfd7c3a209') in 0.512328 seconds
  Import took 0.662723 seconds .

========================================================================
Received Import Request.
  Time since last request: 0.000509 seconds.
  path: Assets/Sprites/Nivel 2/pinchos_lvl_3.png
  artifactKey: Guid(627096792ddae994e90f838eb46b6918) Importer(815301076,1909f56bfc062723c751e8b465ee728b)
Start importing Assets/Sprites/Nivel 2/pinchos_lvl_3.png using Guid(627096792ddae994e90f838eb46b6918) Importer(815301076,1909f56bfc062723c751e8b465ee728b)  -> (artifact id: 'a473e5695cd0f47349d3a4cd56396b1c') in 0.138344 seconds
  Import took 0.168264 seconds .

========================================================================
Received Import Request.
  Time since last request: 0.000460 seconds.
  path: Assets/Scenes/Nivel 2.unity
  artifactKey: Guid(51d230b29dfc7574192ab79a904a93ec) Importer(815301076,1909f56bfc062723c751e8b465ee728b)
Start importing Assets/Scenes/Nivel 2.unity using Guid(51d230b29dfc7574192ab79a904a93ec) Importer(815301076,1909f56bfc062723c751e8b465ee728b)  -> (artifact id: '502d5354ace5d765547b4a4db37abe26') in 0.015465 seconds
  Import took 0.066143 seconds .

========================================================================
Received Import Request.
  Time since last request: 0.000435 seconds.
  path: Assets/Sprites/Nivel 2/Plataforma_2.png
  artifactKey: Guid(e2382b4a929acec4daa60a2b5d751f7c) Importer(815301076,1909f56bfc062723c751e8b465ee728b)
Start importing Assets/Sprites/Nivel 2/Plataforma_2.png using Guid(e2382b4a929acec4daa60a2b5d751f7c) Importer(815301076,1909f56bfc062723c751e8b465ee728b)  -> (artifact id: '75bae245c080fe00bdf7ed50ce429859') in 0.073720 seconds
  Import took 0.103641 seconds .

========================================================================
Received Import Request.
  Time since last request: 0.000421 seconds.
  path: Assets/Sprites/Nivel 2/Piso medio.png
  artifactKey: Guid(43dc33997bfe9c74c96c41866ac6c674) Importer(815301076,1909f56bfc062723c751e8b465ee728b)
Start importing Assets/Sprites/Nivel 2/Piso medio.png using Guid(43dc33997bfe9c74c96c41866ac6c674) Importer(815301076,1909f56bfc062723c751e8b465ee728b)  -> (artifact id: '82ab648744be225b7e4184858d0bfa37') in 0.060026 seconds
  Import took 0.077726 seconds .

========================================================================
Received Import Request.
  Time since last request: 0.000521 seconds.
  path: Assets/Sprites/Nivel 2/Piso nivel Tartaro.png
  artifactKey: Guid(ecd8f4845a4454241b7c12842383b47e) Importer(815301076,1909f56bfc062723c751e8b465ee728b)
Start importing Assets/Sprites/Nivel 2/Piso nivel Tartaro.png using Guid(ecd8f4845a4454241b7c12842383b47e) Importer(815301076,1909f56bfc062723c751e8b465ee728b)  -> (artifact id: '8063923e4a438ab52c3dc90d3b50011a') in 0.040969 seconds
  Import took 0.086599 seconds .

========================================================================
Received Import Request.
  Time since last request: 0.000376 seconds.
  path: Assets/Sprites/Nivel 2
  artifactKey: Guid(cf6c1eca01290bb4ba1655c96e5280fb) Importer(815301076,1909f56bfc062723c751e8b465ee728b)
Start importing Assets/Sprites/Nivel 2 using Guid(cf6c1eca01290bb4ba1655c96e5280fb) Importer(815301076,1909f56bfc062723c751e8b465ee728b)  -> (artifact id: '8a29a731f87dfae0c3c51c8e92d0353b') in 0.014302 seconds
  Import took 0.020930 seconds .

========================================================================
Received Import Request.
  Time since last request: 362.719673 seconds.
  path: Assets/Sprites/Nivel 1
  artifactKey: Guid(a730323e87186d74f84eb89635d03370) Importer(815301076,1909f56bfc062723c751e8b465ee728b)
Start importing Assets/Sprites/Nivel 1 using Guid(a730323e87186d74f84eb89635d03370) Importer(815301076,1909f56bfc062723c751e8b465ee728b)  -> (artifact id: 'a0113f5b454ea464fdf32b9324e9c3da') in 0.019162 seconds
  Import took 0.046540 seconds .

========================================================================
Received Import Request.
  Time since last request: 0.000454 seconds.
  path: Assets/Sprites/Nivel 1/nivel muralla xd.png
  artifactKey: Guid(c1fa3f5f159af9b46a1ef43764e8e89e) Importer(815301076,1909f56bfc062723c751e8b465ee728b)
Start importing Assets/Sprites/Nivel 1/nivel muralla xd.png using Guid(c1fa3f5f159af9b46a1ef43764e8e89e) Importer(815301076,1909f56bfc062723c751e8b465ee728b)  -> (artifact id: 'e569aaaa15775280446a958f4842b72b') in 0.181708 seconds
  Import took 0.207748 seconds .

========================================================================
Received Import Request.
  Time since last request: 0.000716 seconds.
  path: Assets/Sprites/Nivel 1/pisomuralla.png
  artifactKey: Guid(432d73fd8de7f2b409fe16e0142ee25c) Importer(815301076,1909f56bfc062723c751e8b465ee728b)
Start importing Assets/Sprites/Nivel 1/pisomuralla.png using Guid(432d73fd8de7f2b409fe16e0142ee25c) Importer(815301076,1909f56bfc062723c751e8b465ee728b)  -> (artifact id: '0e3cdcd5533eae33a32898626c3b6f5e') in 0.099469 seconds
  Import took 0.138625 seconds .

========================================================================
Received Import Request.
  Time since last request: 0.000376 seconds.
  path: Assets/Sprites/Nivel 1/CHECKPOINT_encendido.png
  artifactKey: Guid(3b5e74c7a576a854bb651917e4514e54) Importer(815301076,1909f56bfc062723c751e8b465ee728b)
Start importing Assets/Sprites/Nivel 1/CHECKPOINT_encendido.png using Guid(3b5e74c7a576a854bb651917e4514e54) Importer(815301076,1909f56bfc062723c751e8b465ee728b)  -> (artifact id: '5174a74684cc3c748e57c064777c8a67') in 0.112742 seconds
  Import took 0.121971 seconds .

========================================================================
Received Import Request.
  Time since last request: 0.000396 seconds.
  path: Assets/Sprites/Nivel 1/Ventanas.psd
  artifactKey: Guid(928eabe2f493209458f9ab81a62b0a0e) Importer(815301076,1909f56bfc062723c751e8b465ee728b)
Start importing Assets/Sprites/Nivel 1/Ventanas.psd using Guid(928eabe2f493209458f9ab81a62b0a0e) Importer(815301076,1909f56bfc062723c751e8b465ee728b)  -> (artifact id: '9d9061f4ebe86f44e3d88808527a649f') in 0.226909 seconds
  Import took 0.255615 seconds .

========================================================================
Received Import Request.
  Time since last request: 0.000340 seconds.
  path: Assets/Sprites/Nivel 1/pinchos_nivel_1.png
  artifactKey: Guid(8df1dbb63192cc3419c511268eb3fd4d) Importer(815301076,1909f56bfc062723c751e8b465ee728b)
Start importing Assets/Sprites/Nivel 1/pinchos_nivel_1.png using Guid(8df1dbb63192cc3419c511268eb3fd4d) Importer(815301076,1909f56bfc062723c751e8b465ee728b)  -> (artifact id: '0cafffef956381113376890dfdc6baf1') in 0.079173 seconds
  Import took 0.112749 seconds .

========================================================================
Received Import Request.
  Time since last request: 0.000517 seconds.
  path: Assets/Sprites/Nivel 1/fondo.png
  artifactKey: Guid(d16bd87c0d4908647b1ea8a52d6bdb26) Importer(815301076,1909f56bfc062723c751e8b465ee728b)
Start importing Assets/Sprites/Nivel 1/fondo.png using Guid(d16bd87c0d4908647b1ea8a52d6bdb26) Importer(815301076,1909f56bfc062723c751e8b465ee728b)  -> (artifact id: 'd6b6a7ae0c64e952532500e436c08914') in 0.090248 seconds
  Import took 0.108544 seconds .

========================================================================
Received Import Request.
  Time since last request: 0.000495 seconds.
  path: Assets/Sprites/Nivel 1/CHECKPOINT_nivel_1.psd
  artifactKey: Guid(0bd2e311f5ed2b94989a2bce082db449) Importer(815301076,1909f56bfc062723c751e8b465ee728b)
Start importing Assets/Sprites/Nivel 1/CHECKPOINT_nivel_1.psd using Guid(0bd2e311f5ed2b94989a2bce082db449) Importer(815301076,1909f56bfc062723c751e8b465ee728b)  -> (artifact id: 'ff91e043538985cf54ada8afd95cf8a1') in 0.057644 seconds
  Import took 0.080374 seconds .

========================================================================
Received Import Request.
  Time since last request: 8.793093 seconds.
  path: Assets/Scenes/Nivel 1.unity
  artifactKey: Guid(4fd55f710578bf6489d25e1c7bef1d58) Importer(815301076,1909f56bfc062723c751e8b465ee728b)
Start importing Assets/Scenes/Nivel 1.unity using Guid(4fd55f710578bf6489d25e1c7bef1d58) Importer(815301076,1909f56bfc062723c751e8b465ee728b)  -> (artifact id: '0be462983db05b8490ac20231788fa88') in 0.035738 seconds
  Import took 0.071880 seconds .

========================================================================
Received Import Request.
  Time since last request: 152.648555 seconds.
  path: Assets/Scenes/Nivel 2.unity
  artifactKey: Guid(51d230b29dfc7574192ab79a904a93ec) Importer(815301076,1909f56bfc062723c751e8b465ee728b)
Start importing Assets/Scenes/Nivel 2.unity using Guid(51d230b29dfc7574192ab79a904a93ec) Importer(815301076,1909f56bfc062723c751e8b465ee728b)  -> (artifact id: '11f17e551268505cde81d44d5cb8d243') in 0.006500 seconds
  Import took 0.036549 seconds .

========================================================================
Received Import Request.
  Time since last request: 13.150957 seconds.
  path: Assets/Scenes/Nivel 3.unity
  artifactKey: Guid(c3b15021871d51e498fb088feb38fd03) Importer(815301076,1909f56bfc062723c751e8b465ee728b)
Start importing Assets/Scenes/Nivel 3.unity using Guid(c3b15021871d51e498fb088feb38fd03) Importer(815301076,1909f56bfc062723c751e8b465ee728b)  -> (artifact id: '4cd559f82f0dc4b9dd8cbf359bc4994f') in 0.012725 seconds
  Import took 0.036549 seconds .

========================================================================
Received Import Request.
  Time since last request: 387.219881 seconds.
  path: Assets/Scenes/Nivel 3.unity
  artifactKey: Guid(c3b15021871d51e498fb088feb38fd03) Importer(815301076,1909f56bfc062723c751e8b465ee728b)
Start importing Assets/Scenes/Nivel 3.unity using Guid(c3b15021871d51e498fb088feb38fd03) Importer(815301076,1909f56bfc062723c751e8b465ee728b)  -> (artifact id: '96e8e1a3b80c1980f6984392c0135b90') in 0.022687 seconds
  Import took 0.070084 seconds .

AssetImportWorkerClient::OnTransportError - code=2 error=End of file
