Using pre-set license
Built from '2020.3/staging' branch; Version is '2020.3.11f1 (99c7afb366b3) revision 10078127'; Using compiler version '192528614'; Build Type 'Release'
OS: 'Windows 10 Home; OS build 22504.1010; Version 2009; 64bit' Language: 'es' Physical Memory: 32684 MB
BatchMode: 1, IsHumanControllingUs: 0, StartBugReporterOnCrash: 0, Is64bit: 1, IsPro: 0

 COMMAND LINE ARGUMENTS:
D:\Unity\2020.3.11f1\Editor\Unity.exe
-adb2
-batchMode
-noUpm
-name
AssetImportWorker0
-projectPath
D:/Facultad/Semestre 2/Taller de Dise単o 1 - Prototimos de juegos/Miercoles/Engcargo Grupales/Juego Unity
-logFile
Logs/AssetImportWorker0.log
-srvPort
62346
Successfully changed project path to: D:/Facultad/Semestre 2/Taller de Dise単o 1 - Prototimos de juegos/Miercoles/Engcargo Grupales/Juego Unity
D:/Facultad/Semestre 2/Taller de Dise単o 1 - Prototimos de juegos/Miercoles/Engcargo Grupales/Juego Unity
Using Asset Import Pipeline V2.
Refreshing native plugins compatible for Editor in 51.48 ms, found 3 plugins.
Preloading 0 native plugins for Editor in 0.00 ms.
Initialize engine version: 2020.3.11f1 (99c7afb366b3)
[Subsystems] Discovering subsystems at path D:/Unity/2020.3.11f1/Editor/Data/Resources/UnitySubsystems
[Subsystems] Discovering subsystems at path D:/Facultad/Semestre 2/Taller de Dise単o 1 - Prototimos de juegos/Miercoles/Engcargo Grupales/Juego Unity/Assets
GfxDevice: creating device client; threaded=0
Direct3D:
    Version:  Direct3D 11.0 [level 11.1]
    Renderer: NVIDIA GeForce GTX 1070 Ti (ID=0x1b82)
    Vendor:   
    VRAM:     8079 MB
    Driver:   30.0.14.9676
Initialize mono
Mono path[0] = 'D:/Unity/2020.3.11f1/Editor/Data/Managed'
Mono path[1] = 'D:/Unity/2020.3.11f1/Editor/Data/MonoBleedingEdge/lib/mono/unityjit'
Mono config path = 'D:/Unity/2020.3.11f1/Editor/Data/MonoBleedingEdge/etc'
Using monoOptions --debugger-agent=transport=dt_socket,embedding=1,server=y,suspend=n,address=127.0.0.1:56768
Begin MonoManager ReloadAssembly
Registering precompiled unity dll's ...
Register platform support module: D:/Unity/2020.3.11f1/Editor/Data/PlaybackEngines/WebGLSupport/UnityEditor.WebGL.Extensions.dll
Register platform support module: D:/Unity/2020.3.11f1/Editor/Data/PlaybackEngines/WindowsStandaloneSupport/UnityEditor.WindowsStandalone.Extensions.dll
Registered in 0.001084 seconds.
Native extension for WindowsStandalone target not found
Native extension for WebGL target not found
Refreshing native plugins compatible for Editor in 44.16 ms, found 3 plugins.
Preloading 0 native plugins for Editor in 0.00 ms.
Mono: successfully reloaded assembly
- Completed reload, in  2.022 seconds
Platform modules already initialized, skipping
Registering precompiled user dll's ...
Registered in 0.004004 seconds.
Begin MonoManager ReloadAssembly
Native extension for WindowsStandalone target not found
Native extension for WebGL target not found
Refreshing native plugins compatible for Editor in 44.44 ms, found 3 plugins.
Preloading 0 native plugins for Editor in 0.00 ms.
Mono: successfully reloaded assembly
- Completed reload, in  1.051 seconds
Platform modules already initialized, skipping
========================================================================
Worker process is ready to serve import requests
Launched and connected shader compiler UnityShaderCompiler.exe after 0.05 seconds
Refreshing native plugins compatible for Editor in 0.53 ms, found 3 plugins.
Preloading 0 native plugins for Editor in 0.00 ms.
Unloading 2668 Unused Serialized files (Serialized files now loaded: 0)
System memory in use before: 118.7 MB.
System memory in use after: 118.7 MB.

Unloading 34 unused Assets to reduce memory usage. Loaded Objects now: 3105.
Total: 2.421400 ms (FindLiveObjects: 0.232100 ms CreateObjectMapping: 0.109400 ms MarkObjects: 1.935100 ms  DeleteObjects: 0.144000 ms)

========================================================================
Received Import Request.
  path: Assets/Sprites/Nivel 3/lava_piso_3_parte_1.psd
  artifactKey: Guid(da881dc638b39bc46aee4ad9e9ea5936) Importer(815301076,1909f56bfc062723c751e8b465ee728b)
Start importing Assets/Sprites/Nivel 3/lava_piso_3_parte_1.psd using Guid(da881dc638b39bc46aee4ad9e9ea5936) Importer(815301076,1909f56bfc062723c751e8b465ee728b)  -> (artifact id: 'd823aca1a6ca89e327a11145a407d69e') in 0.174438 seconds
  Import took 0.194673 seconds .

========================================================================
Received Prepare
Registering precompiled user dll's ...
Registered in 0.003982 seconds.
Begin MonoManager ReloadAssembly
Native extension for WindowsStandalone target not found
Native extension for WebGL target not found
Refreshing native plugins compatible for Editor in 0.52 ms, found 3 plugins.
Preloading 0 native plugins for Editor in 0.00 ms.
Mono: successfully reloaded assembly
- Completed reload, in  1.010 seconds
Platform modules already initialized, skipping
Refreshing native plugins compatible for Editor in 0.53 ms, found 3 plugins.
Preloading 0 native plugins for Editor in 0.00 ms.
Unloading 2623 Unused Serialized files (Serialized files now loaded: 0)
System memory in use before: 117.7 MB.
System memory in use after: 117.8 MB.

Unloading 23 unused Assets to reduce memory usage. Loaded Objects now: 3113.
Total: 2.364500 ms (FindLiveObjects: 0.237600 ms CreateObjectMapping: 0.106800 ms MarkObjects: 1.892400 ms  DeleteObjects: 0.126800 ms)

========================================================================
Received Prepare
Registering precompiled user dll's ...
Registered in 0.004421 seconds.
Begin MonoManager ReloadAssembly
Native extension for WindowsStandalone target not found
Native extension for WebGL target not found
Refreshing native plugins compatible for Editor in 0.50 ms, found 3 plugins.
Preloading 0 native plugins for Editor in 0.00 ms.
Mono: successfully reloaded assembly
- Completed reload, in  0.989 seconds
Platform modules already initialized, skipping
Refreshing native plugins compatible for Editor in 0.90 ms, found 3 plugins.
Preloading 0 native plugins for Editor in 0.00 ms.
Unloading 2623 Unused Serialized files (Serialized files now loaded: 0)
System memory in use before: 117.8 MB.
System memory in use after: 117.9 MB.

Unloading 23 unused Assets to reduce memory usage. Loaded Objects now: 3115.
Total: 2.952200 ms (FindLiveObjects: 0.241600 ms CreateObjectMapping: 0.093800 ms MarkObjects: 2.445700 ms  DeleteObjects: 0.170000 ms)

========================================================================
Received Prepare
Registering precompiled user dll's ...
Registered in 0.004240 seconds.
Begin MonoManager ReloadAssembly
Native extension for WindowsStandalone target not found
Native extension for WebGL target not found
Refreshing native plugins compatible for Editor in 0.51 ms, found 3 plugins.
Preloading 0 native plugins for Editor in 0.00 ms.
Mono: successfully reloaded assembly
- Completed reload, in  0.961 seconds
Platform modules already initialized, skipping
Refreshing native plugins compatible for Editor in 0.50 ms, found 3 plugins.
Preloading 0 native plugins for Editor in 0.00 ms.
Unloading 2623 Unused Serialized files (Serialized files now loaded: 0)
System memory in use before: 117.8 MB.
System memory in use after: 117.9 MB.

Unloading 23 unused Assets to reduce memory usage. Loaded Objects now: 3117.
Total: 2.601700 ms (FindLiveObjects: 0.249700 ms CreateObjectMapping: 0.100400 ms MarkObjects: 2.124400 ms  DeleteObjects: 0.126300 ms)

========================================================================
Received Prepare
Registering precompiled user dll's ...
Registered in 0.004062 seconds.
Begin MonoManager ReloadAssembly
Native extension for WindowsStandalone target not found
Native extension for WebGL target not found
Refreshing native plugins compatible for Editor in 0.51 ms, found 3 plugins.
Preloading 0 native plugins for Editor in 0.00 ms.
Mono: successfully reloaded assembly
- Completed reload, in  0.961 seconds
Platform modules already initialized, skipping
Refreshing native plugins compatible for Editor in 0.51 ms, found 3 plugins.
Preloading 0 native plugins for Editor in 0.00 ms.
Unloading 2623 Unused Serialized files (Serialized files now loaded: 0)
System memory in use before: 117.8 MB.
System memory in use after: 117.9 MB.

Unloading 23 unused Assets to reduce memory usage. Loaded Objects now: 3119.
Total: 2.534300 ms (FindLiveObjects: 0.249700 ms CreateObjectMapping: 0.087300 ms MarkObjects: 2.076000 ms  DeleteObjects: 0.120300 ms)

========================================================================
Received Prepare
Registering precompiled user dll's ...
Registered in 0.004081 seconds.
Begin MonoManager ReloadAssembly
Native extension for WindowsStandalone target not found
Native extension for WebGL target not found
Refreshing native plugins compatible for Editor in 0.53 ms, found 3 plugins.
Preloading 0 native plugins for Editor in 0.00 ms.
Mono: successfully reloaded assembly
- Completed reload, in  0.960 seconds
Platform modules already initialized, skipping
Refreshing native plugins compatible for Editor in 0.71 ms, found 3 plugins.
Preloading 0 native plugins for Editor in 0.00 ms.
Unloading 2623 Unused Serialized files (Serialized files now loaded: 0)
System memory in use before: 117.8 MB.
System memory in use after: 117.9 MB.

Unloading 23 unused Assets to reduce memory usage. Loaded Objects now: 3121.
Total: 2.898300 ms (FindLiveObjects: 0.315500 ms CreateObjectMapping: 0.105300 ms MarkObjects: 2.341000 ms  DeleteObjects: 0.135400 ms)

========================================================================
Received Prepare
Registering precompiled user dll's ...
Registered in 0.004005 seconds.
Begin MonoManager ReloadAssembly
Native extension for WindowsStandalone target not found
Native extension for WebGL target not found
Refreshing native plugins compatible for Editor in 0.50 ms, found 3 plugins.
Preloading 0 native plugins for Editor in 0.00 ms.
Mono: successfully reloaded assembly
- Completed reload, in  0.973 seconds
Platform modules already initialized, skipping
Refreshing native plugins compatible for Editor in 0.51 ms, found 3 plugins.
Preloading 0 native plugins for Editor in 0.00 ms.
Unloading 2623 Unused Serialized files (Serialized files now loaded: 0)
System memory in use before: 117.8 MB.
System memory in use after: 117.9 MB.

Unloading 23 unused Assets to reduce memory usage. Loaded Objects now: 3123.
Total: 2.653900 ms (FindLiveObjects: 0.247000 ms CreateObjectMapping: 0.118800 ms MarkObjects: 2.161800 ms  DeleteObjects: 0.125300 ms)

========================================================================
Received Prepare
Registering precompiled user dll's ...
Registered in 0.004200 seconds.
Begin MonoManager ReloadAssembly
Native extension for WindowsStandalone target not found
Native extension for WebGL target not found
Refreshing native plugins compatible for Editor in 0.53 ms, found 3 plugins.
Preloading 0 native plugins for Editor in 0.00 ms.
Mono: successfully reloaded assembly
- Completed reload, in  0.968 seconds
Platform modules already initialized, skipping
Refreshing native plugins compatible for Editor in 0.60 ms, found 3 plugins.
Preloading 0 native plugins for Editor in 0.00 ms.
Unloading 2623 Unused Serialized files (Serialized files now loaded: 0)
System memory in use before: 117.8 MB.
System memory in use after: 117.9 MB.

Unloading 23 unused Assets to reduce memory usage. Loaded Objects now: 3125.
Total: 2.424000 ms (FindLiveObjects: 0.249400 ms CreateObjectMapping: 0.088200 ms MarkObjects: 1.962400 ms  DeleteObjects: 0.123100 ms)

========================================================================
Received Prepare
Registering precompiled user dll's ...
Registered in 0.004042 seconds.
Begin MonoManager ReloadAssembly
Native extension for WindowsStandalone target not found
Native extension for WebGL target not found
Refreshing native plugins compatible for Editor in 0.86 ms, found 3 plugins.
Preloading 0 native plugins for Editor in 0.00 ms.
Mono: successfully reloaded assembly
- Completed reload, in  0.942 seconds
Platform modules already initialized, skipping
Refreshing native plugins compatible for Editor in 0.50 ms, found 3 plugins.
Preloading 0 native plugins for Editor in 0.00 ms.
Unloading 2623 Unused Serialized files (Serialized files now loaded: 0)
System memory in use before: 117.8 MB.
System memory in use after: 117.9 MB.

Unloading 23 unused Assets to reduce memory usage. Loaded Objects now: 3127.
Total: 2.527700 ms (FindLiveObjects: 0.257200 ms CreateObjectMapping: 0.103500 ms MarkObjects: 2.048700 ms  DeleteObjects: 0.117300 ms)

========================================================================
Received Prepare
Registering precompiled user dll's ...
Registered in 0.004080 seconds.
Begin MonoManager ReloadAssembly
Native extension for WindowsStandalone target not found
Native extension for WebGL target not found
Refreshing native plugins compatible for Editor in 0.52 ms, found 3 plugins.
Preloading 0 native plugins for Editor in 0.00 ms.
Mono: successfully reloaded assembly
- Completed reload, in  0.960 seconds
Platform modules already initialized, skipping
Refreshing native plugins compatible for Editor in 0.51 ms, found 3 plugins.
Preloading 0 native plugins for Editor in 0.00 ms.
Unloading 2623 Unused Serialized files (Serialized files now loaded: 0)
System memory in use before: 117.8 MB.
System memory in use after: 117.9 MB.

Unloading 23 unused Assets to reduce memory usage. Loaded Objects now: 3129.
Total: 2.572000 ms (FindLiveObjects: 0.318600 ms CreateObjectMapping: 0.099800 ms MarkObjects: 2.027600 ms  DeleteObjects: 0.125000 ms)

========================================================================
Received Prepare
Registering precompiled user dll's ...
Registered in 0.003993 seconds.
Begin MonoManager ReloadAssembly
Native extension for WindowsStandalone target not found
Native extension for WebGL target not found
Refreshing native plugins compatible for Editor in 0.51 ms, found 3 plugins.
Preloading 0 native plugins for Editor in 0.00 ms.
Mono: successfully reloaded assembly
- Completed reload, in  0.951 seconds
Platform modules already initialized, skipping
Refreshing native plugins compatible for Editor in 0.50 ms, found 3 plugins.
Preloading 0 native plugins for Editor in 0.00 ms.
Unloading 2623 Unused Serialized files (Serialized files now loaded: 0)
System memory in use before: 117.8 MB.
System memory in use after: 117.9 MB.

Unloading 23 unused Assets to reduce memory usage. Loaded Objects now: 3131.
Total: 2.529600 ms (FindLiveObjects: 0.249700 ms CreateObjectMapping: 0.087600 ms MarkObjects: 2.077400 ms  DeleteObjects: 0.114200 ms)

========================================================================
Received Prepare
Registering precompiled user dll's ...
Registered in 0.004215 seconds.
Begin MonoManager ReloadAssembly
Native extension for WindowsStandalone target not found
Native extension for WebGL target not found
Refreshing native plugins compatible for Editor in 0.50 ms, found 3 plugins.
Preloading 0 native plugins for Editor in 0.00 ms.
Mono: successfully reloaded assembly
- Completed reload, in  0.941 seconds
Platform modules already initialized, skipping
Refreshing native plugins compatible for Editor in 0.50 ms, found 3 plugins.
Preloading 0 native plugins for Editor in 0.00 ms.
Unloading 2623 Unused Serialized files (Serialized files now loaded: 0)
System memory in use before: 117.8 MB.
System memory in use after: 117.9 MB.

Unloading 23 unused Assets to reduce memory usage. Loaded Objects now: 3133.
Total: 2.650200 ms (FindLiveObjects: 0.288100 ms CreateObjectMapping: 0.141500 ms MarkObjects: 2.097600 ms  DeleteObjects: 0.122200 ms)

========================================================================
Received Prepare
Registering precompiled user dll's ...
Registered in 0.004829 seconds.
Begin MonoManager ReloadAssembly
Native extension for WindowsStandalone target not found
Native extension for WebGL target not found
Refreshing native plugins compatible for Editor in 0.55 ms, found 3 plugins.
Preloading 0 native plugins for Editor in 0.00 ms.
Mono: successfully reloaded assembly
- Completed reload, in  0.985 seconds
Platform modules already initialized, skipping
Refreshing native plugins compatible for Editor in 0.52 ms, found 3 plugins.
Preloading 0 native plugins for Editor in 0.00 ms.
Unloading 2623 Unused Serialized files (Serialized files now loaded: 0)
System memory in use before: 117.8 MB.
System memory in use after: 117.9 MB.

Unloading 23 unused Assets to reduce memory usage. Loaded Objects now: 3135.
Total: 2.546800 ms (FindLiveObjects: 0.242100 ms CreateObjectMapping: 0.082400 ms MarkObjects: 2.103200 ms  DeleteObjects: 0.118200 ms)

========================================================================
Received Import Request.
  Time since last request: 643.111561 seconds.
  path: Assets/Sprites/Personaje/caminando_pie_izquierdo_adelante.psd
  artifactKey: Guid(5c251410ef28713448a5f8b343743b03) Importer(815301076,1909f56bfc062723c751e8b465ee728b)
Start importing Assets/Sprites/Personaje/caminando_pie_izquierdo_adelante.psd using Guid(5c251410ef28713448a5f8b343743b03) Importer(815301076,1909f56bfc062723c751e8b465ee728b)  -> (artifact id: 'fe3e5604c392c7cde3eaa69def2b0f46') in 0.158556 seconds
  Import took 0.200155 seconds .

========================================================================
Received Import Request.
  Time since last request: 0.000268 seconds.
  path: Assets/Sprites/Personaje/corriendo_izquierdo.psd
  artifactKey: Guid(03c650d2f13944d4abfbf098322350ee) Importer(815301076,1909f56bfc062723c751e8b465ee728b)
Start importing Assets/Sprites/Personaje/corriendo_izquierdo.psd using Guid(03c650d2f13944d4abfbf098322350ee) Importer(815301076,1909f56bfc062723c751e8b465ee728b)  -> (artifact id: 'cc1837155317790595cdee4e3c9282ba') in 0.105556 seconds
  Import took 0.133917 seconds .

========================================================================
Received Import Request.
  Time since last request: 0.000220 seconds.
  path: Assets/Sprites/Personaje/corriendo_derecho.psd
  artifactKey: Guid(6c290a3093a52ff419b4e52fdca5bbb9) Importer(815301076,1909f56bfc062723c751e8b465ee728b)
Start importing Assets/Sprites/Personaje/corriendo_derecho.psd using Guid(6c290a3093a52ff419b4e52fdca5bbb9) Importer(815301076,1909f56bfc062723c751e8b465ee728b)  -> (artifact id: '610192f576066be4bf180dfaeafbbe71') in 0.073611 seconds
  Import took 0.110198 seconds .

========================================================================
Received Import Request.
  Time since last request: 3.751384 seconds.
  path: Assets/Sounds/fuego.wav
  artifactKey: Guid(b93b9a57383ff214bb28ef2a651eeb2b) Importer(815301076,1909f56bfc062723c751e8b465ee728b)
Start importing Assets/Sounds/fuego.wav using Guid(b93b9a57383ff214bb28ef2a651eeb2b) Importer(815301076,1909f56bfc062723c751e8b465ee728b)  -> (artifact id: '96ea8c2e8fa5e57d49b55d727a6d3ade') in 0.095687 seconds
  Import took 0.137739 seconds .

========================================================================
Received Import Request.
  Time since last request: 0.000295 seconds.
  path: Assets/Sounds/Jefe Final.mp3
  artifactKey: Guid(f31552e8b19360241b65cab73d064863) Importer(815301076,1909f56bfc062723c751e8b465ee728b)
Start importing Assets/Sounds/Jefe Final.mp3 using Guid(f31552e8b19360241b65cab73d064863) Importer(815301076,1909f56bfc062723c751e8b465ee728b)  -> (artifact id: '861434e897c9f7fcc2623b044f21181c') in 0.013232 seconds
  Import took 0.034226 seconds .

========================================================================
Received Import Request.
  Time since last request: 0.000278 seconds.
  path: Assets/Sounds/fuego.wav
  artifactKey: Guid(b93b9a57383ff214bb28ef2a651eeb2b) Importer(815301076,1909f56bfc062723c751e8b465ee728b)
Start importing Assets/Sounds/fuego.wav using Guid(b93b9a57383ff214bb28ef2a651eeb2b) Importer(815301076,1909f56bfc062723c751e8b465ee728b)  -> (artifact id: '96ea8c2e8fa5e57d49b55d727a6d3ade') in 0.007196 seconds
  Import took 0.011050 seconds .

========================================================================
Received Import Request.
  Time since last request: 0.000279 seconds.
  path: Assets/Sounds/Jefe Final.mp3
  artifactKey: Guid(f31552e8b19360241b65cab73d064863) Importer(815301076,1909f56bfc062723c751e8b465ee728b)
Start importing Assets/Sounds/Jefe Final.mp3 using Guid(f31552e8b19360241b65cab73d064863) Importer(815301076,1909f56bfc062723c751e8b465ee728b)  -> (artifact id: '861434e897c9f7fcc2623b044f21181c') in 0.009846 seconds
  Import took 0.013642 seconds .

========================================================================
Received Import Request.
  Time since last request: 0.000258 seconds.
  path: Assets/Sounds/Niveles123.mp3
  artifactKey: Guid(8af57c8e5e799564d94997e8ad06dadf) Importer(815301076,1909f56bfc062723c751e8b465ee728b)
Start importing Assets/Sounds/Niveles123.mp3 using Guid(8af57c8e5e799564d94997e8ad06dadf) Importer(815301076,1909f56bfc062723c751e8b465ee728b)  -> (artifact id: '85128608c41ae140336e92ffc172ca6b') in 0.011201 seconds
  Import took 0.023990 seconds .

========================================================================
Received Import Request.
  Time since last request: 0.004936 seconds.
  path: Assets/Sounds/Niveles123.mp3
  artifactKey: Guid(8af57c8e5e799564d94997e8ad06dadf) Importer(815301076,1909f56bfc062723c751e8b465ee728b)
Start importing Assets/Sounds/Niveles123.mp3 using Guid(8af57c8e5e799564d94997e8ad06dadf) Importer(815301076,1909f56bfc062723c751e8b465ee728b)  -> (artifact id: '85128608c41ae140336e92ffc172ca6b') in 0.010197 seconds
  Import took 0.013773 seconds .

========================================================================
Received Import Request.
  Time since last request: 91.237706 seconds.
  path: Assets/Sprites/Tutorial/Pantalla_en_negro_inicio.psd
  artifactKey: Guid(37aa3f29f332f2548af082c6170d45e7) Importer(815301076,1909f56bfc062723c751e8b465ee728b)
Start importing Assets/Sprites/Tutorial/Pantalla_en_negro_inicio.psd using Guid(37aa3f29f332f2548af082c6170d45e7) Importer(815301076,1909f56bfc062723c751e8b465ee728b)  -> (artifact id: '8f364b22a295766fead4a35872d3aa83') in 0.049661 seconds
  Import took 0.067859 seconds .

