Using pre-set license
Built from '2020.3/staging' branch; Version is '2020.3.11f1 (99c7afb366b3) revision 10078127'; Using compiler version '192528614'; Build Type 'Release'
OS: 'Windows 10 Home Single Language; OS build 19043.1348; Version 2009; 64bit' Language: 'es' Physical Memory: 12130 MB
BatchMode: 1, IsHumanControllingUs: 0, StartBugReporterOnCrash: 0, Is64bit: 1, IsPro: 0

 COMMAND LINE ARGUMENTS:
D:\Program Files\Unity Engine\2020.3.11f1\Editor\Unity.exe
-adb2
-batchMode
-noUpm
-name
AssetImportWorker6
-projectPath
D:/Descargas/U/Taller Dise単o 1 - Lathrop, Romina/Jueguito UNITY/Juego-Unity
-logFile
Logs/AssetImportWorker6.log
-srvPort
56804
Successfully changed project path to: D:/Descargas/U/Taller Dise単o 1 - Lathrop, Romina/Jueguito UNITY/Juego-Unity
D:/Descargas/U/Taller Dise単o 1 - Lathrop, Romina/Jueguito UNITY/Juego-Unity
Using Asset Import Pipeline V2.
Refreshing native plugins compatible for Editor in 107.08 ms, found 3 plugins.
Preloading 0 native plugins for Editor in 0.00 ms.
Initialize engine version: 2020.3.11f1 (99c7afb366b3)
[Subsystems] Discovering subsystems at path D:/Program Files/Unity Engine/2020.3.11f1/Editor/Data/Resources/UnitySubsystems
[Subsystems] Discovering subsystems at path D:/Descargas/U/Taller Dise単o 1 - Lathrop, Romina/Jueguito UNITY/Juego-Unity/Assets
GfxDevice: creating device client; threaded=0
Direct3D:
    Version:  Direct3D 11.0 [level 11.1]
    Renderer: NVIDIA GeForce GTX 1050 (ID=0x1c8d)
    Vendor:   
    VRAM:     4019 MB
    Driver:   30.0.14.9649
Initialize mono
Mono path[0] = 'D:/Program Files/Unity Engine/2020.3.11f1/Editor/Data/Managed'
Mono path[1] = 'D:/Program Files/Unity Engine/2020.3.11f1/Editor/Data/MonoBleedingEdge/lib/mono/unityjit'
Mono config path = 'D:/Program Files/Unity Engine/2020.3.11f1/Editor/Data/MonoBleedingEdge/etc'
Using monoOptions --debugger-agent=transport=dt_socket,embedding=1,server=y,suspend=n,address=127.0.0.1:56844
Begin MonoManager ReloadAssembly
Registering precompiled unity dll's ...
Register platform support module: D:/Program Files/Unity Engine/2020.3.11f1/Editor/Data/PlaybackEngines/WebGLSupport/UnityEditor.WebGL.Extensions.dll
Register platform support module: D:/Program Files/Unity Engine/2020.3.11f1/Editor/Data/PlaybackEngines/WindowsStandaloneSupport/UnityEditor.WindowsStandalone.Extensions.dll
Registered in 0.011144 seconds.
Native extension for WindowsStandalone target not found
Native extension for WebGL target not found
Refreshing native plugins compatible for Editor in 110.40 ms, found 3 plugins.
Preloading 0 native plugins for Editor in 0.00 ms.
Mono: successfully reloaded assembly
- Completed reload, in  5.952 seconds
Platform modules already initialized, skipping
Registering precompiled user dll's ...
Registered in 0.022745 seconds.
Begin MonoManager ReloadAssembly
Native extension for WindowsStandalone target not found
Native extension for WebGL target not found
Refreshing native plugins compatible for Editor in 109.57 ms, found 3 plugins.
Preloading 0 native plugins for Editor in 0.00 ms.
Mono: successfully reloaded assembly
- Completed reload, in  4.035 seconds
Platform modules already initialized, skipping
========================================================================
Worker process is ready to serve import requests
Launched and connected shader compiler UnityShaderCompiler.exe after 0.22 seconds
Refreshing native plugins compatible for Editor in 1.26 ms, found 3 plugins.
Preloading 0 native plugins for Editor in 0.00 ms.
Unloading 2663 Unused Serialized files (Serialized files now loaded: 0)
System memory in use before: 118.6 MB.
System memory in use after: 118.8 MB.

Unloading 30 unused Assets to reduce memory usage. Loaded Objects now: 3106.
Total: 5.260100 ms (FindLiveObjects: 0.362600 ms CreateObjectMapping: 0.173100 ms MarkObjects: 4.566500 ms  DeleteObjects: 0.155800 ms)

========================================================================
Received Import Request.
  path: Assets/Scenes/Nivel 1.unity
  artifactKey: Guid(4fd55f710578bf6489d25e1c7bef1d58) Importer(815301076,1909f56bfc062723c751e8b465ee728b)
Start importing Assets/Scenes/Nivel 1.unity using Guid(4fd55f710578bf6489d25e1c7bef1d58) Importer(815301076,1909f56bfc062723c751e8b465ee728b)  -> (artifact id: '3be72c52404feaac38bc9c55268113a6') in 0.068514 seconds
  Import took 0.096076 seconds .

========================================================================
Received Import Request.
  Time since last request: 193.646121 seconds.
  path: Assets/Sprites/CHECKPOINT_encendido.png
  artifactKey: Guid(3b5e74c7a576a854bb651917e4514e54) Importer(815301076,1909f56bfc062723c751e8b465ee728b)
Start importing Assets/Sprites/CHECKPOINT_encendido.png using Guid(3b5e74c7a576a854bb651917e4514e54) Importer(815301076,1909f56bfc062723c751e8b465ee728b)  -> (artifact id: 'ccc9ff6aca5bbdd45c14abdae2d9cea0') in 0.393861 seconds
  Import took 0.438481 seconds .

========================================================================
Received Import Request.
  Time since last request: 445.970560 seconds.
  path: Assets/Scenes/Nivel 2.unity
  artifactKey: Guid(51d230b29dfc7574192ab79a904a93ec) Importer(815301076,1909f56bfc062723c751e8b465ee728b)
Start importing Assets/Scenes/Nivel 2.unity using Guid(51d230b29dfc7574192ab79a904a93ec) Importer(815301076,1909f56bfc062723c751e8b465ee728b)  -> (artifact id: '9e3bb1cc5e25b9ae112fd01d91a5e1ad') in 0.023420 seconds
  Import took 0.081171 seconds .

========================================================================
Received Import Request.
  Time since last request: 88.614045 seconds.
  path: Assets/Scenes/Tutorial.unity
  artifactKey: Guid(b94e70c791b319b47b687aae0298e88d) Importer(815301076,1909f56bfc062723c751e8b465ee728b)
Start importing Assets/Scenes/Tutorial.unity using Guid(b94e70c791b319b47b687aae0298e88d) Importer(815301076,1909f56bfc062723c751e8b465ee728b)  -> (artifact id: '401a5572c23d432ca48d155af73bd5b2') in 0.014635 seconds
  Import took 0.039785 seconds .

========================================================================
Received Import Request.
  Time since last request: 0.688109 seconds.
  path: Assets/Scenes/Jefe Final.unity
  artifactKey: Guid(57b5c100c9d1f7c45ba463c0234ea500) Importer(815301076,1909f56bfc062723c751e8b465ee728b)
Start importing Assets/Scenes/Jefe Final.unity using Guid(57b5c100c9d1f7c45ba463c0234ea500) Importer(815301076,1909f56bfc062723c751e8b465ee728b)  -> (artifact id: '7e4ff9647738ba67ed674558da469f90') in 0.012388 seconds
  Import took 0.018645 seconds .

========================================================================
Received Import Request.
  Time since last request: 3748.273089 seconds.
  path: Assets/Sprites/mina_saltando.png
  artifactKey: Guid(7fbb0345a5c81e54c9b5c9709ae0321e) Importer(815301076,1909f56bfc062723c751e8b465ee728b)
Start importing Assets/Sprites/mina_saltando.png using Guid(7fbb0345a5c81e54c9b5c9709ae0321e) Importer(815301076,1909f56bfc062723c751e8b465ee728b)  -> (artifact id: 'b643936e46385095a18c9f2fa9eb36d4') in 0.494402 seconds
  Import took 0.663173 seconds .

========================================================================
Received Import Request.
  Time since last request: 0.000978 seconds.
  path: Assets/Sprites/piso_nivel_3_jjj.png
  artifactKey: Guid(26abb823b1a7cf144ad6499c0caac1dd) Importer(815301076,1909f56bfc062723c751e8b465ee728b)
Start importing Assets/Sprites/piso_nivel_3_jjj.png using Guid(26abb823b1a7cf144ad6499c0caac1dd) Importer(815301076,1909f56bfc062723c751e8b465ee728b)  -> (artifact id: '17890525fadd7d3deac4cf8a8584b605') in 0.043756 seconds
  Import took 0.089657 seconds .

========================================================================
Received Import Request.
  Time since last request: 314.108091 seconds.
  path: Assets/Scenes/Jefe Final.unity
  artifactKey: Guid(57b5c100c9d1f7c45ba463c0234ea500) Importer(815301076,1909f56bfc062723c751e8b465ee728b)
Start importing Assets/Scenes/Jefe Final.unity using Guid(57b5c100c9d1f7c45ba463c0234ea500) Importer(815301076,1909f56bfc062723c751e8b465ee728b)  -> (artifact id: 'f40b2be68bcd5b2b39012ad8bf4b9714') in 0.023302 seconds
  Import took 0.158697 seconds .

========================================================================
Received Import Request.
  Time since last request: 44.884490 seconds.
  path: Assets/Scenes/Nivel 3.unity
  artifactKey: Guid(c3b15021871d51e498fb088feb38fd03) Importer(815301076,1909f56bfc062723c751e8b465ee728b)
Start importing Assets/Scenes/Nivel 3.unity using Guid(c3b15021871d51e498fb088feb38fd03) Importer(815301076,1909f56bfc062723c751e8b465ee728b)  -> (artifact id: '73d42b1f133085cafa5dd5135888fe4e') in 0.061388 seconds
  Import took 0.295213 seconds .

========================================================================
Received Import Request.
  Time since last request: 1.002126 seconds.
  path: Assets/Scenes/Nivel 2.unity
  artifactKey: Guid(51d230b29dfc7574192ab79a904a93ec) Importer(815301076,1909f56bfc062723c751e8b465ee728b)
Start importing Assets/Scenes/Nivel 2.unity using Guid(51d230b29dfc7574192ab79a904a93ec) Importer(815301076,1909f56bfc062723c751e8b465ee728b)  -> (artifact id: 'b9a529050331bae23ccb19065b2090cc') in 0.006969 seconds
  Import took 0.085454 seconds .

========================================================================
Received Import Request.
  Time since last request: 674.725255 seconds.
  path: Assets/Scenes/Nivel 2.unity
  artifactKey: Guid(51d230b29dfc7574192ab79a904a93ec) Importer(815301076,1909f56bfc062723c751e8b465ee728b)
Start importing Assets/Scenes/Nivel 2.unity using Guid(51d230b29dfc7574192ab79a904a93ec) Importer(815301076,1909f56bfc062723c751e8b465ee728b)  -> (artifact id: 'c5b57a5d228bc44335cdedb9ff9120d9') in 0.018314 seconds
  Import took 0.113650 seconds .

========================================================================
Received Import Request.
  Time since last request: 166.262373 seconds.
  path: Assets/Scenes/Nivel 3.unity
  artifactKey: Guid(c3b15021871d51e498fb088feb38fd03) Importer(815301076,1909f56bfc062723c751e8b465ee728b)
Start importing Assets/Scenes/Nivel 3.unity using Guid(c3b15021871d51e498fb088feb38fd03) Importer(815301076,1909f56bfc062723c751e8b465ee728b)  -> (artifact id: '00ad4b42941cddc6d9f1a98bc83d63b4') in 0.015079 seconds
  Import took 0.086240 seconds .

========================================================================
Received Import Request.
  Time since last request: 355.430046 seconds.
  path: Assets/Sprites/piso 3 sobras.png
  artifactKey: Guid(4165ebdd7290a784b852aa037c838877) Importer(815301076,1909f56bfc062723c751e8b465ee728b)
Start importing Assets/Sprites/piso 3 sobras.png using Guid(4165ebdd7290a784b852aa037c838877) Importer(815301076,1909f56bfc062723c751e8b465ee728b)  -> (artifact id: '24956a535748862af1082e4b27b2ed7f') in 0.081477 seconds
  Import took 0.140206 seconds .

========================================================================
Received Import Request.
  Time since last request: 214.744919 seconds.
  path: Assets/Scenes/Escenarios de pruebas
  artifactKey: Guid(54819bbed75b59647b39c5197dc3ef1b) Importer(815301076,1909f56bfc062723c751e8b465ee728b)
Start importing Assets/Scenes/Escenarios de pruebas using Guid(54819bbed75b59647b39c5197dc3ef1b) Importer(815301076,1909f56bfc062723c751e8b465ee728b)  -> (artifact id: 'ff1379cd075df6c72ee2ab87f4658678') in 0.011828 seconds
  Import took 0.104642 seconds .

========================================================================
Received Import Request.
  Time since last request: 1.170308 seconds.
  path: Assets/Scenes/Escenarios de pruebas/PruebasMartin.unity
  artifactKey: Guid(48e838b1e0ae532498ef6af49a1b6a00) Importer(815301076,1909f56bfc062723c751e8b465ee728b)
Start importing Assets/Scenes/Escenarios de pruebas/PruebasMartin.unity using Guid(48e838b1e0ae532498ef6af49a1b6a00) Importer(815301076,1909f56bfc062723c751e8b465ee728b)  -> (artifact id: '8fe5cbda539bcbbd7a6956b006a49505') in 0.016181 seconds
  Import took 0.079244 seconds .

========================================================================
Received Import Request.
  Time since last request: 0.594190 seconds.
  path: Assets/Scenes/Escenarios de pruebas/PruebasPaztero.unity
  artifactKey: Guid(97386e5d3c9c38348ae20987c701470b) Importer(815301076,1909f56bfc062723c751e8b465ee728b)
Start importing Assets/Scenes/Escenarios de pruebas/PruebasPaztero.unity using Guid(97386e5d3c9c38348ae20987c701470b) Importer(815301076,1909f56bfc062723c751e8b465ee728b)  -> (artifact id: '25d5c97b8abc5bf98ad6c2c7d06ae1d3') in 0.025845 seconds
  Import took 0.056745 seconds .

========================================================================
Received Import Request.
  Time since last request: 63.232430 seconds.
  path: Assets/Scenes/Nivel 3.unity
  artifactKey: Guid(c3b15021871d51e498fb088feb38fd03) Importer(815301076,1909f56bfc062723c751e8b465ee728b)
Start importing Assets/Scenes/Nivel 3.unity using Guid(c3b15021871d51e498fb088feb38fd03) Importer(815301076,1909f56bfc062723c751e8b465ee728b)  -> (artifact id: 'b5f1f34165974341f3c911c0f1fc1360') in 0.047148 seconds
  Import took 0.083644 seconds .

========================================================================
Received Import Request.
  Time since last request: 114.277292 seconds.
  path: Assets/Sprites/piso 3 sobras.png
  artifactKey: Guid(4165ebdd7290a784b852aa037c838877) Importer(815301076,1909f56bfc062723c751e8b465ee728b)
Start importing Assets/Sprites/piso 3 sobras.png using Guid(4165ebdd7290a784b852aa037c838877) Importer(815301076,1909f56bfc062723c751e8b465ee728b)  -> (artifact id: '3d3d79f9d16262d5461c2874b2312383') in 0.061184 seconds
  Import took 0.088366 seconds .

AssetImportWorkerClient::OnTransportError - code=2 error=End of file
